<?xml version="1.0" encoding="UTF-8"?>
<!-- Generated by org.testng.reporters.JUnitReportReporter -->
<testsuite hostname="DESKTOP-ECTBUAU" failures="0" tests="1" name="com.amazon.runners.TestRunner" time="7.473" errors="0" timestamp="2025-09-28T12:08:03 EDT" skipped="0">
  <testcase classname="com.amazon.runners.TestRunner" name="runScenario" time="7.473"/>
</testsuite> <!-- com.amazon.runners.TestRunner -->
